<?xml version="1.0" encoding="UTF-8"?>
<!-- Generated by org.testng.reporters.JUnitReportReporter -->
<testsuite hostname="Anusha" failures="0" tests="4" name="com.booking.TestRunner" time="0.765" errors="4" timestamp="2025-06-25T23:08:48 CEST" skipped="0">
  <testcase classname="com.booking.TestRunner" name="runScenario" time="0.730">
    <error message="Cannot invoke &quot;io.restassured.response.Response.getStatusCode()&quot; because the return value of &quot;com.booking.stepdefinitions.TestContext.getResponse()&quot; is null" type="java.lang.NullPointerException">
      <![CDATA[java.lang.NullPointerException: Cannot invoke "io.restassured.response.Response.getStatusCode()" because the return value of "com.booking.stepdefinitions.TestContext.getResponse()" is null
at com.booking.stepdefinitions.CreateBooking_StepDefinition.validateStatusCode(CreateBooking_StepDefinition.java:101)
at ✽.Validate status code is 200(file:///C:/Users/macha/OneDrive/Desktop/satvi/API_Testing_Kata/src/test/resources/features/bookingSummary.feature:17)
]]>
    </error>
  </testcase> <!-- runScenario -->
  <testcase classname="com.booking.TestRunner" name="runScenario" time="0.007">
    <error message="Cannot invoke &quot;io.restassured.response.Response.getStatusCode()&quot; because the return value of &quot;com.booking.stepdefinitions.TestContext.getResponse()&quot; is null" type="java.lang.NullPointerException">
      <![CDATA[java.lang.NullPointerException: Cannot invoke "io.restassured.response.Response.getStatusCode()" because the return value of "com.booking.stepdefinitions.TestContext.getResponse()" is null
at com.booking.stepdefinitions.CreateBooking_StepDefinition.validateStatusCode(CreateBooking_StepDefinition.java:101)
at ✽.Validate status code is 200(file:///C:/Users/macha/OneDrive/Desktop/satvi/API_Testing_Kata/src/test/resources/features/createBooking.feature:18)
]]>
    </error>
  </testcase> <!-- runScenario -->
  <testcase classname="com.booking.TestRunner" name="runScenario" time="0.013">
    <error message="Cannot invoke &quot;io.restassured.response.Response.getStatusCode()&quot; because the return value of &quot;com.booking.stepdefinitions.TestContext.getResponse()&quot; is null" type="java.lang.NullPointerException">
      <![CDATA[java.lang.NullPointerException: Cannot invoke "io.restassured.response.Response.getStatusCode()" because the return value of "com.booking.stepdefinitions.TestContext.getResponse()" is null
at com.booking.stepdefinitions.CreateBooking_StepDefinition.validateStatusCode(CreateBooking_StepDefinition.java:101)
at ✽.Validate status code is 200(file:///C:/Users/macha/OneDrive/Desktop/satvi/API_Testing_Kata/src/test/resources/features/bookingSummary.feature:17)
]]>
    </error>
  </testcase> <!-- runScenario -->
  <testcase classname="com.booking.TestRunner" name="runScenario" time="0.015">
    <error message="Cannot invoke &quot;io.restassured.response.Response.getStatusCode()&quot; because the return value of &quot;com.booking.stepdefinitions.TestContext.getResponse()&quot; is null" type="java.lang.NullPointerException">
      <![CDATA[java.lang.NullPointerException: Cannot invoke "io.restassured.response.Response.getStatusCode()" because the return value of "com.booking.stepdefinitions.TestContext.getResponse()" is null
at com.booking.stepdefinitions.CreateBooking_StepDefinition.validateStatusCode(CreateBooking_StepDefinition.java:101)
at ✽.Validate status code is 200(file:///C:/Users/macha/OneDrive/Desktop/satvi/API_Testing_Kata/src/test/resources/features/createBooking.feature:18)
]]>
    </error>
  </testcase> <!-- runScenario -->
</testsuite> <!-- com.booking.TestRunner -->
