<?xml version="1.0" encoding="UTF-8"?>
<!-- Generated by org.testng.reporters.JUnitReportReporter -->
<testsuite hostname="Anusha" failures="0" tests="5" name="com.booking.api.restassured.testrunner.TestRunner" time="2.707" errors="0" timestamp="2025-06-26T04:20:07 CEST" skipped="0">
  <testcase classname="com.booking.api.restassured.testrunner.TestRunner" name="runScenario" time="0.167">
    <system-out>
      <![CDATA[[ Reported ] FAILFailure Response Recieved with Status code : 400
[ Reported ] PASS{
    "errors": [
        "size must be between 11 and 21"
    ]
}
[ Reported ] FAILFailure Response Recieved with Status code : 400
[ Reported ] FAILFirst name is incorrectly displayed : Expected : null, Recieved : 
[ Reported ] FAILLast name is incorrectly displayed : Expected : null, Recieved : 
[ Reported ] FAILEmail is incorrectly displayed : Expected : null, Recieved : 
[ Reported ] FAILphone is incorrectly displayed : Expected : null, Recieved : 
[ Reported ] FAILdepositpaid is incorrectly displayed : Expected : null, Recieved : 
[ Reported ] FAILcheckin is incorrectly displayed : Expected : null, Recieved : 
[ Reported ] FAILcheckout is incorrectly displayed : Expected : null, Recieved : 
[ Reported ] FAILroomId is incorrectly displayed : Expected : null, Recieved : 
[ Reported ] FAILbookingid is incorrectly displayed : Expected : null, Recieved : ]]>
    </system-out>
  </testcase> <!-- runScenario -->
  <testcase classname="com.booking.api.restassured.testrunner.TestRunner" name="runScenario" time="0.824">
    <system-out>
      <![CDATA[[ Reported ] FAILFailure Response, Response is null : 
[ Reported ] FAILNull Reposnse received]]>
    </system-out>
  </testcase> <!-- runScenario -->
  <testcase classname="com.booking.api.restassured.testrunner.TestRunner" name="runScenario" time="0.250">
    <system-out>
      <![CDATA[[ Reported ] FAILFailure Response Recieved with Status code : 400
[ Reported ] PASS{
    "errors": [
        "size must be between 11 and 21"
    ]
}
[ Reported ] FAILFailure Response Recieved with Status code : 400
[ Reported ] FAILFailure Response Recieved with Status code : 405
[ Reported ] PASS
[ Reported ] FAILFailure Response Recieved with Status code : 400
[ Reported ] FAILcheckIn is incorrectly displayed : Expected : null, Recieved : 
[ Reported ] FAILcheckout is incorrectly displayed : Expected : null, Recieved : ]]>
    </system-out>
  </testcase> <!-- runScenario -->
  <testcase classname="com.booking.api.restassured.testrunner.TestRunner" name="runScenario" time="0.538">
    <system-out>
      <![CDATA[[ Reported ] FAILFailure Response Recieved with Status code : 400
[ Reported ] PASS{
    "errors": [
        "size must be between 11 and 21"
    ]
}
[ Reported ] FAILFailure Response Recieved with Status code : 400
[ Reported ] FAILFirst name is incorrectly displayed : Expected : null, Recieved : 
[ Reported ] FAILLast name is incorrectly displayed : Expected : null, Recieved : 
[ Reported ] FAILEmail is incorrectly displayed : Expected : null, Recieved : 
[ Reported ] FAILphone is incorrectly displayed : Expected : null, Recieved : 
[ Reported ] FAILdepositpaid is incorrectly displayed : Expected : null, Recieved : 
[ Reported ] FAILcheckin is incorrectly displayed : Expected : null, Recieved : 
[ Reported ] FAILcheckout is incorrectly displayed : Expected : null, Recieved : 
[ Reported ] FAILroomId is incorrectly displayed : Expected : null, Recieved : 
[ Reported ] FAILbookingid is incorrectly displayed : Expected : null, Recieved : ]]>
    </system-out>
  </testcase> <!-- runScenario -->
  <testcase classname="com.booking.api.restassured.testrunner.TestRunner" name="runScenario" time="0.928">
    <system-out>
      <![CDATA[[ Reported ] FAILFailure Response Recieved with Status code : 400
[ Reported ] PASS{
    "errors": [
        "size must be between 11 and 21"
    ]
}
[ Reported ] FAILFailure Response Recieved with Status code : 400
[ Reported ] FAILFailure Response Recieved with Status code : 405
[ Reported ] PASS
[ Reported ] FAILFailure Response Recieved with Status code : 400
[ Reported ] FAILcheckIn is incorrectly displayed : Expected : null, Recieved : 
[ Reported ] FAILcheckout is incorrectly displayed : Expected : null, Recieved : ]]>
    </system-out>
  </testcase> <!-- runScenario -->
  <system-out>
    <![CDATA[[ Reported ] INFOTest case runnning
[ Reported ] FAILFailure Response, Response is null : 
[ Reported ] FAILNull Reposnse received
[ Reported ] FAILFailure Response Recieved with Status code : 400
[ Reported ] PASS{
    "errors": [
        "size must be between 11 and 21"
    ]
}
[ Reported ] FAILFailure Response Recieved with Status code : 400
[ Reported ] FAILFailure Response Recieved with Status code : 405
[ Reported ] PASS
[ Reported ] FAILFailure Response Recieved with Status code : 400
[ Reported ] FAILcheckIn is incorrectly displayed : Expected : null, Recieved : 
[ Reported ] FAILcheckout is incorrectly displayed : Expected : null, Recieved : 
[ Reported ] FAILFailure Response Recieved with Status code : 400
[ Reported ] PASS{
    "errors": [
        "size must be between 11 and 21"
    ]
}
[ Reported ] FAILFailure Response Recieved with Status code : 400
[ Reported ] FAILFailure Response Recieved with Status code : 405
[ Reported ] PASS
[ Reported ] FAILFailure Response Recieved with Status code : 400
[ Reported ] FAILcheckIn is incorrectly displayed : Expected : null, Recieved : 
[ Reported ] FAILcheckout is incorrectly displayed : Expected : null, Recieved : 
[ Reported ] FAILFailure Response Recieved with Status code : 400
[ Reported ] PASS{
    "errors": [
        "size must be between 11 and 21"
    ]
}
[ Reported ] FAILFailure Response Recieved with Status code : 400
[ Reported ] FAILFirst name is incorrectly displayed : Expected : null, Recieved : 
[ Reported ] FAILLast name is incorrectly displayed : Expected : null, Recieved : 
[ Reported ] FAILEmail is incorrectly displayed : Expected : null, Recieved : 
[ Reported ] FAILphone is incorrectly displayed : Expected : null, Recieved : 
[ Reported ] FAILdepositpaid is incorrectly displayed : Expected : null, Recieved : 
[ Reported ] FAILcheckin is incorrectly displayed : Expected : null, Recieved : 
[ Reported ] FAILcheckout is incorrectly displayed : Expected : null, Recieved : 
[ Reported ] FAILroomId is incorrectly displayed : Expected : null, Recieved : 
[ Reported ] FAILbookingid is incorrectly displayed : Expected : null, Recieved : 
[ Reported ] FAILFailure Response Recieved with Status code : 400
[ Reported ] PASS{
    "errors": [
        "size must be between 11 and 21"
    ]
}
[ Reported ] FAILFailure Response Recieved with Status code : 400
[ Reported ] FAILFirst name is incorrectly displayed : Expected : null, Recieved : 
[ Reported ] FAILLast name is incorrectly displayed : Expected : null, Recieved : 
[ Reported ] FAILEmail is incorrectly displayed : Expected : null, Recieved : 
[ Reported ] FAILphone is incorrectly displayed : Expected : null, Recieved : 
[ Reported ] FAILdepositpaid is incorrectly displayed : Expected : null, Recieved : 
[ Reported ] FAILcheckin is incorrectly displayed : Expected : null, Recieved : 
[ Reported ] FAILcheckout is incorrectly displayed : Expected : null, Recieved : 
[ Reported ] FAILroomId is incorrectly displayed : Expected : null, Recieved : 
[ Reported ] FAILbookingid is incorrectly displayed : Expected : null, Recieved : 
[ Reported ] PASSTEST PASSED]]>
  </system-out>
</testsuite> <!-- com.booking.api.restassured.testrunner.TestRunner -->
