<?xml version="1.0" encoding="UTF-8"?>
<!-- Generated by org.testng.reporters.JUnitReportReporter -->
<testsuite hostname="Anusha" failures="0" tests="4" name="com.booking.api.restassured.testrunner.TestRunner" time="4.295" errors="0" timestamp="2025-06-26T03:14:11 CEST" skipped="0">
  <testcase classname="com.booking.api.restassured.testrunner.TestRunner" name="runScenario" time="2.418">
    <system-out>
      <![CDATA[[ Reported ] FAILFailure Response Recieved with Status code : 400
[ Reported ] PASS{
    "errors": [
        "size must be between 11 and 21"
    ]
}
[ Reported ] FAILcNull Reposnse received ]]>
    </system-out>
  </testcase> <!-- runScenario -->
  <testcase classname="com.booking.api.restassured.testrunner.TestRunner" name="runScenario" time="0.881">
    <system-out>
      <![CDATA[[ Reported ] FAILFailure Response Recieved with Status code : 400
[ Reported ] PASS{
    "errors": [
        "size must be between 11 and 21"
    ]
}
[ Reported ] FAILFirst name is incorrectly displayed : Expected : null, Recieved : 
[ Reported ] FAILLast name is incorrectly displayed : Expected : null, Recieved : 
[ Reported ] FAILEmail is incorrectly displayed : Expected : null, Recieved : 
[ Reported ] FAILphone is incorrectly displayed : Expected : null, Recieved : 
[ Reported ] FAILdepositpaid is incorrectly displayed : Expected : null, Recieved : 
[ Reported ] FAILcheckin is incorrectly displayed : Expected : null, Recieved : 
[ Reported ] FAILcheckout is incorrectly displayed : Expected : null, Recieved : 
[ Reported ] FAILroomId is incorrectly displayed : Expected : null, Recieved : 
[ Reported ] FAILbookingid is incorrectly displayed : Expected : null, Recieved : ]]>
    </system-out>
  </testcase> <!-- runScenario -->
  <testcase classname="com.booking.api.restassured.testrunner.TestRunner" name="runScenario" time="0.598">
    <system-out>
      <![CDATA[[ Reported ] FAILFailure Response Recieved with Status code : 400
[ Reported ] PASS{
    "errors": [
        "size must be between 11 and 21"
    ]
}
[ Reported ] FAILFirst name is incorrectly displayed : Expected : null, Recieved : 
[ Reported ] FAILLast name is incorrectly displayed : Expected : null, Recieved : 
[ Reported ] FAILEmail is incorrectly displayed : Expected : null, Recieved : 
[ Reported ] FAILphone is incorrectly displayed : Expected : null, Recieved : 
[ Reported ] FAILdepositpaid is incorrectly displayed : Expected : null, Recieved : 
[ Reported ] FAILcheckin is incorrectly displayed : Expected : null, Recieved : 
[ Reported ] FAILcheckout is incorrectly displayed : Expected : null, Recieved : 
[ Reported ] FAILroomId is incorrectly displayed : Expected : null, Recieved : 
[ Reported ] FAILbookingid is incorrectly displayed : Expected : null, Recieved : ]]>
    </system-out>
  </testcase> <!-- runScenario -->
  <testcase classname="com.booking.api.restassured.testrunner.TestRunner" name="runScenario" time="0.398">
    <system-out>
      <![CDATA[[ Reported ] FAILFailure Response Recieved with Status code : 400
[ Reported ] PASS{
    "errors": [
        "size must be between 11 and 21"
    ]
}
[ Reported ] FAILcNull Reposnse received ]]>
    </system-out>
  </testcase> <!-- runScenario -->
  <system-out>
    <![CDATA[[ Reported ] INFOTest case runnning
[ Reported ] FAILFailure Response Recieved with Status code : 400
[ Reported ] PASS{
    "errors": [
        "size must be between 11 and 21"
    ]
}
[ Reported ] FAILcNull Reposnse received 
[ Reported ] FAILFailure Response Recieved with Status code : 400
[ Reported ] PASS{
    "errors": [
        "size must be between 11 and 21"
    ]
}
[ Reported ] FAILcNull Reposnse received 
[ Reported ] FAILFailure Response Recieved with Status code : 400
[ Reported ] PASS{
    "errors": [
        "size must be between 11 and 21"
    ]
}
[ Reported ] FAILFirst name is incorrectly displayed : Expected : null, Recieved : 
[ Reported ] FAILLast name is incorrectly displayed : Expected : null, Recieved : 
[ Reported ] FAILEmail is incorrectly displayed : Expected : null, Recieved : 
[ Reported ] FAILphone is incorrectly displayed : Expected : null, Recieved : 
[ Reported ] FAILdepositpaid is incorrectly displayed : Expected : null, Recieved : 
[ Reported ] FAILcheckin is incorrectly displayed : Expected : null, Recieved : 
[ Reported ] FAILcheckout is incorrectly displayed : Expected : null, Recieved : 
[ Reported ] FAILroomId is incorrectly displayed : Expected : null, Recieved : 
[ Reported ] FAILbookingid is incorrectly displayed : Expected : null, Recieved : 
[ Reported ] FAILFailure Response Recieved with Status code : 400
[ Reported ] PASS{
    "errors": [
        "size must be between 11 and 21"
    ]
}
[ Reported ] FAILFirst name is incorrectly displayed : Expected : null, Recieved : 
[ Reported ] FAILLast name is incorrectly displayed : Expected : null, Recieved : 
[ Reported ] FAILEmail is incorrectly displayed : Expected : null, Recieved : 
[ Reported ] FAILphone is incorrectly displayed : Expected : null, Recieved : 
[ Reported ] FAILdepositpaid is incorrectly displayed : Expected : null, Recieved : 
[ Reported ] FAILcheckin is incorrectly displayed : Expected : null, Recieved : 
[ Reported ] FAILcheckout is incorrectly displayed : Expected : null, Recieved : 
[ Reported ] FAILroomId is incorrectly displayed : Expected : null, Recieved : 
[ Reported ] FAILbookingid is incorrectly displayed : Expected : null, Recieved : 
[ Reported ] PASSTEST PASSED]]>
  </system-out>
</testsuite> <!-- com.booking.api.restassured.testrunner.TestRunner -->
